<?xml version="1.0" encoding="UTF-8"?>
<!-- Generated by org.testng.reporters.JUnitReportReporter -->
<testsuite skipped="0" hostname="InderjeetSinghS" name="com.crossover.e2e.GMailTest" tests="1" failures="0" timestamp="2020-05-15T23:06:14 IST" time="37.819" errors="0">
  <testcase name="testSendEmail" time="37.819" classname="com.crossover.e2e.GMailTest"/>
  <system-out/>
</testsuite> <!-- com.crossover.e2e.GMailTest -->
